ExaltedDice/proguard/seeds.txt
com.TwentyCode.android.ExaltedDice.ColorDialogPreference
com.TwentyCode.android.ExaltedDice.ColorDialogPreference: ColorDialogPreference(android.content.Context,android.util.AttributeSet)
com.TwentyCode.android.ExaltedDice.ExaltedDice
com.TwentyCode.android.ExaltedDice.ExaltedDice: void onClick(android.view.View)
com.TwentyCode.android.ExaltedDice.GameListActivity
com.TwentyCode.android.ExaltedDice.GameListActivity: void onClick(android.view.View)
com.TwentyCode.android.ExaltedDice.NumberPicker
com.TwentyCode.android.ExaltedDice.NumberPicker: NumberPicker(android.content.Context)
com.TwentyCode.android.ExaltedDice.NumberPicker: NumberPicker(android.content.Context,android.util.AttributeSet)
com.TwentyCode.android.ExaltedDice.NumberPicker: NumberPicker(android.content.Context,android.util.AttributeSet,int)
com.TwentyCode.android.ExaltedDice.NumberPicker: void setCurrent(int)
com.TwentyCode.android.ExaltedDice.NumberPicker: void setCurrentAndNotify(int)
com.TwentyCode.android.ExaltedDice.NumberPicker: void setDisplayedValues(java.lang.String[])
com.TwentyCode.android.ExaltedDice.NumberPicker: void setEnabled(boolean)
com.TwentyCode.android.ExaltedDice.NumberPicker: void setOnChangeListener(com.TwentyCode.android.ExaltedDice.NumberPicker$OnChangedListener)
com.TwentyCode.android.ExaltedDice.NumberPicker: void setRange(int,int)
com.TwentyCode.android.ExaltedDice.NumberPicker: void setRange(int,int,java.lang.String[])
com.TwentyCode.android.ExaltedDice.NumberPicker: void setSpeed(long)
com.TwentyCode.android.ExaltedDice.NumberPicker: void setValue(int)
com.TwentyCode.android.ExaltedDice.NumberPicker: void setWrap(boolean)
com.TwentyCode.android.ExaltedDice.NumberPickerButton
com.TwentyCode.android.ExaltedDice.NumberPickerButton: NumberPickerButton(android.content.Context,android.util.AttributeSet,int)
com.TwentyCode.android.ExaltedDice.NumberPickerButton: NumberPickerButton(android.content.Context,android.util.AttributeSet)
com.TwentyCode.android.ExaltedDice.NumberPickerButton: NumberPickerButton(android.content.Context)
com.TwentyCode.android.ExaltedDice.NumberPickerButton: void setNumberPicker(com.TwentyCode.android.ExaltedDice.NumberPicker)
com.TwentyCode.android.ExaltedDice.R$array: int dice_types
com.TwentyCode.android.ExaltedDice.R$array: int game_modes
com.TwentyCode.android.ExaltedDice.R$array: int hello_msg
com.TwentyCode.android.ExaltedDice.R$array: int mods
com.TwentyCode.android.ExaltedDice.R$attr: int backgroundColor
com.TwentyCode.android.ExaltedDice.R$attr: int defaultValue
com.TwentyCode.android.ExaltedDice.R$attr: int endRange
com.TwentyCode.android.ExaltedDice.R$attr: int keywords
com.TwentyCode.android.ExaltedDice.R$attr: int maxValue
com.TwentyCode.android.ExaltedDice.R$attr: int primaryTextColor
com.TwentyCode.android.ExaltedDice.R$attr: int refreshInterval
com.TwentyCode.android.ExaltedDice.R$attr: int secondaryTextColor
com.TwentyCode.android.ExaltedDice.R$attr: int startRange
com.TwentyCode.android.ExaltedDice.R$attr: int wrap
...
com.TwentyCodes.android.exception.ExceptionReportActivity
com.TwentyCodes.android.exception.ExceptionReportActivity: void onClick(android.view.View)
com.TwentyCodes.android.exception.R$array: int dice_types
com.TwentyCodes.android.exception.R$array: int game_modes
com.TwentyCodes.android.exception.R$array: int hello_msg
com.TwentyCodes.android.exception.R$array: int mods
com.TwentyCodes.android.exception.R$attr: int backgroundColor
com.TwentyCodes.android.exception.R$attr: int defaultValue
com.TwentyCodes.android.exception.R$attr: int endRange
com.TwentyCodes.android.exception.R$attr: int keywords
com.TwentyCodes.android.exception.R$attr: int maxValue
com.TwentyCodes.android.exception.R$attr: int primaryTextColor
com.TwentyCodes.android.exception.R$attr: int refreshInterval
com.TwentyCodes.android.exception.R$attr: int secondaryTextColor
com.TwentyCodes.android.exception.R$attr: int startRange
com.TwentyCodes.android.exception.R$attr: int wrap
com.TwentyCodes.android.exception.R$drawable: int icon
com.TwentyCodes.android.exception.R$drawable: int timepicker_down_btn
com.TwentyCodes.android.exception.R$drawable: int timepicker_down_disabled
com.TwentyCodes.android.exception.R$drawable: int timepicker_down_disabled_focused
com.TwentyCodes.android.exception.R$drawable: int timepicker_down_normal
com.TwentyCodes.android.exception.R$drawable: int timepicker_down_pressed
com.TwentyCodes.android.exception.R$drawable: int timepicker_down_selected
com.TwentyCodes.android.exception.R$drawable: int timepicker_input
com.TwentyCodes.android.exception.R$drawable: int timepicker_input_disabled
com.TwentyCodes.android.exception.R$drawable: int timepicker_input_normal
com.TwentyCodes.android.exception.R$drawable: int timepicker_input_pressed
com.TwentyCodes.android.exception.R$drawable: int timepicker_input_selected
com.TwentyCodes.android.exception.R$drawable: int timepicker_up_btn
com.TwentyCodes.android.exception.R$drawable: int timepicker_up_disabled
com.TwentyCodes.android.exception.R$drawable: int timepicker_up_disabled_focused
com.TwentyCodes.android.exception.R$drawable: int timepicker_up_normal
com.TwentyCodes.android.exception.R$drawable: int timepicker_up_pressed
com.TwentyCodes.android.exception.R$drawable: int timepicker_up_selected
com.TwentyCodes.android.exception.R$id: int ad
com.TwentyCodes.android.exception.R$id: int d_Picker
com.TwentyCodes.android.exception.R$id: int decrement
com.TwentyCodes.android.exception.R$id: int description
com.TwentyCodes.android.exception.R$id: int dice
com.TwentyCodes.android.exception.R$id: int die_selector
com.TwentyCodes.android.exception.R$id: int editText
com.TwentyCodes.android.exception.R$id: int exception_text
com.TwentyCodes.android.exception.R$id: int exception_title
com.TwentyCodes.android.exception.R$id: int game_mode_spinner
com.TwentyCodes.android.exception.R$id: int holder
com.TwentyCodes.android.exception.R$id: int increment
com.TwentyCodes.android.exception.R$id: int linearLayout1
com.TwentyCodes.android.exception.R$id: int list
com.TwentyCodes.android.exception.R$id: int menu_clear
com.TwentyCodes.android.exception.R$id: int menu_delete
com.TwentyCodes.android.exception.R$id: int menu_settings
com.TwentyCodes.android.exception.R$id: int mod_Picker
com.TwentyCodes.android.exception.R$id: int new_game_button
com.TwentyCodes.android.exception.R$id: int number_Picker
com.TwentyCodes.android.exception.R$id: int progress
com.TwentyCodes.android.exception.R$id: int roll_button
com.TwentyCodes.android.exception.R$id: int roll_progress
com.TwentyCodes.android.exception.R$id: int send
com.TwentyCodes.android.exception.R$id: int text1
com.TwentyCodes.android.exception.R$id: int textView1
com.TwentyCodes.android.exception.R$id: int textView2