ExaltedDice/proguard/mapping.txt
com.TwentyCode.android.ExaltedDice.ColorDialogPreference -> com.TwentyCode.android.ExaltedDice.ColorDialogPreference:
    int color -> a
    com.TwentyCode.android.ExaltedDice.ColorDialogPreference$OnColorChangedListener dialogColorChangedListener -> b
    191:196:void onDialogClosed(boolean) -> onDialogClosed
    201:216:void onPrepareDialogBuilder(android.app.AlertDialog$Builder) -> onPrepareDialogBuilder
    173:173:void access$0(com.TwentyCode.android.ExaltedDice.ColorDialogPreference,int) -> a
com.TwentyCode.android.ExaltedDice.ColorDialogPreference$1 -> com.TwentyCode.android.ExaltedDice.a:
    com.TwentyCode.android.ExaltedDice.ColorDialogPreference this$0 -> a
com.TwentyCode.android.ExaltedDice.ColorDialogPreference$ColorPickerView -> com.TwentyCode.android.ExaltedDice.b:
    android.graphics.Paint paint -> b
    android.graphics.Paint centerPaint -> c
    boolean trackingCenter -> d
    int[] colors -> e
    com.TwentyCode.android.ExaltedDice.ColorDialogPreference this$0 -> a
    67:67:int ave(int,int,float) -> a
    75:95:int interpColor(int[],float) -> a
    101:120:void onDraw(android.graphics.Canvas) -> onDraw
    125:132:void onMeasure(int,int) -> onMeasure
    137:159:boolean onTouchEvent(android.view.MotionEvent) -> onTouchEvent
com.TwentyCode.android.ExaltedDice.ColorDialogPreference$OnColorChangedListener -> com.TwentyCode.android.ExaltedDice.c:
com.TwentyCode.android.ExaltedDice.Database -> com.TwentyCode.android.ExaltedDice.d:
    int DATABASE_VERSION -> b
    java.lang.String DATABASE_NAME -> c
    java.lang.String GAME_NAME_TABLE -> d
    java.lang.String GAME_OPTIONS_TABLE -> e
    java.lang.String GAME_HISTORY_TABLE -> f
    java.lang.String KEY -> g
    java.lang.String KEY_VALUE -> h
    android.content.Context mContext -> i
    android.database.sqlite.SQLiteDatabase mDb -> j
    boolean isUpgrading -> a
    com.TwentyCode.android.ExaltedDice.DatabaseListener mListener -> k
    232:241:java.lang.String checkName(java.lang.String) -> b
    250:285:void clearHistory(long) -> a
    292:293:void close() -> a
    322:351:void deleteGame(long) -> b
    361:361:void deleteRoll(long,long) -> a
    372:384:android.content.ContentValues generateContentValues(java.lang.String,java.lang.String,java.lang.Object) -> a
    392:392:android.database.Cursor getAllGames() -> b
    401:411:java.util.List getAllGameTitles() -> c
    432:432:android.content.ContentValues getGameHistoryInfo(java.lang.String,int) -> a
    442:449:java.lang.String getGameName(long) -> c
    459:459:android.content.ContentValues getGameOptions(long) -> d
    469:477:int getGameRollCount(long) -> e
    488:491:long insertGame(java.lang.String) -> a
    523:532:android.content.ContentValues parseCursor(android.database.Cursor) -> a
    576:600:void updateGame(long,java.lang.String,android.content.ContentValues,int) -> a
com.TwentyCode.android.ExaltedDice.Database$1 -> com.TwentyCode.android.ExaltedDice.e:
    com.TwentyCode.android.ExaltedDice.Database this$0 -> a
    android.app.ProgressDialog val$progress -> b
    255:258:void handleMessage(android.os.Message) -> handleMessage
com.TwentyCode.android.ExaltedDice.Database$2 -> com.TwentyCode.android.ExaltedDice.f:
    com.TwentyCode.android.ExaltedDice.Database this$0 -> a
    long val$gameId -> b
    android.os.Handler val$handler -> c
    265:283:void run() -> run
com.TwentyCode.android.ExaltedDice.Database$3 -> com.TwentyCode.android.ExaltedDice.g:
    com.TwentyCode.android.ExaltedDice.Database this$0 -> a
    android.app.ProgressDialog val$progress -> b
    327:330:void handleMessage(android.os.Message) -> handleMessage
com.TwentyCode.android.ExaltedDice.Database$4 -> com.TwentyCode.android.ExaltedDice.h:
    com.TwentyCode.android.ExaltedDice.Database this$0 -> a
    long val$id -> b
    android.os.Handler val$handler -> c
    337:349:void run() -> run
...
com.admob.android.ads.AdView$d -> com.admob.android.ads.j:
    java.lang.ref.WeakReference a -> a
    495:521:void run() -> run
com.admob.android.ads.a -> com.admob.android.ads.k:
    java.lang.ref.WeakReference a -> a
    648:700:void run() -> run
com.admob.android.ads.b -> com.admob.android.ads.l:
    android.view.View a -> a
    float b -> b
    float c -> c
    35:52:void applyTransformation(float,android.view.animation.Transformation) -> applyTransformation
com.admob.android.ads.b$a -> com.admob.android.ads.m:
    void f() -> a
com.admob.android.ads.c -> com.admob.android.ads.n:
    android.view.animation.Interpolator a -> a
    float b -> b
    float c -> c
    26:36:float getInterpolation(float) -> getInterpolation
com.admob.android.ads.d -> com.admob.android.ads.o:
    int c -> c
    android.graphics.Rect d -> d
    android.graphics.PointF e -> e
    android.graphics.PointF f -> f
    android.graphics.PointF g -> g
    android.graphics.Matrix h -> h
    android.graphics.RectF i -> i
    java.lang.String j -> j
    java.lang.String k -> k
    boolean l -> l
    boolean m -> m
    java.util.Vector n -> n
    java.util.Vector o -> o
    java.util.Vector p -> p
    com.admob.android.ads.d$f q -> q
    android.graphics.Rect r -> r
    long s -> s
    int t -> t
    int u -> u
    android.view.View a -> a
    com.admob.android.ads.d$a v -> v
    com.admob.android.ads.g b -> b
    int w -> w
    int x -> x
    int y -> y
    org.json.JSONObject z -> z
    java.util.Hashtable A -> A
    java.util.HashSet B -> B
    java.util.Vector C -> C
    com.admob.android.ads.d$b D -> D
    double E -> E
    double F -> F
    287:309:com.admob.android.ads.d a(com.admob.android.ads.d$a,org.json.JSONObject,int,int,int,com.admob.android.ads.g) -> a
    371:371:double a() -> a
    433:437:void a(java.lang.String,boolean) -> a
    446:450:void a(java.lang.String) -> a
    460:460:int a(int) -> a
    477:486:android.graphics.Rect a(android.graphics.Rect) -> a
    495:495:com.admob.android.ads.g b() -> b
    503:504:void a(com.admob.android.ads.g) -> a
    511:511:long c() -> c
    544:544:boolean d() -> d
    561:562:void a(com.admob.android.ads.d$b) -> a
    588:588:int e() -> e
    599:599:int f() -> f
com.admob.android.ads.d$1 -> com.admob.android.ads.p:
    int[] a -> a
com.admob.android.ads.d$2 -> com.admob.android.ads.r:
    713:717:void a(com.admob.android.ads.r) -> a
    721:725:void a(com.admob.android.ads.r,java.lang.Exception) -> a
com.admob.android.ads.d$a -> com.admob.android.ads.s:
    java.lang.ref.WeakReference a -> a
    726:731:void a() -> a
    738:763:void a(com.admob.android.ads.d) -> a
com.admob.android.ads.d$b -> com.admob.android.ads.t:
    void a() -> b
com.admob.android.ads.d$c -> com.admob.android.ads.u:
    java.lang.String a -> a
    int b -> b
    int c -> c
    java.lang.String d -> d
    java.lang.ref.WeakReference e -> e
    902:928:void run() -> run
com.admob.android.ads.d$d -> com.admob.android.ads.v:
    java.util.Vector a -> a
    com.admob.android.ads.g b -> b
    java.lang.ref.WeakReference c -> c
    2520:2562:void run() -> run
com.admob.android.ads.d$e -> com.admob.android.ads.w:
    java.lang.String a -> a
    boolean b -> b
com.admob.android.ads.d$f -> com.admob.android.ads.x:
    com.admob.android.ads.d$f a -> a
    com.admob.android.ads.d$f b -> b
    com.admob.android.ads.d$f c -> c
    com.admob.android.ads.d$f d -> d
    com.admob.android.ads.d$f e -> e
    com.admob.android.ads.d$f f -> f
    com.admob.android.ads.d$f g -> g
    com.admob.android.ads.d$f h -> h
    com.admob.android.ads.d$f[] i -> i
    83:83:com.admob.android.ads.d$f[] values() -> values
    83:83:com.admob.android.ads.d$f valueOf(java.lang.String) -> valueOf
com.admob.android.ads.d$g -> com.admob.android.ads.y:
    android.view.View a -> a
    android.widget.RelativeLayout$LayoutParams b -> b
    android.view.animation.AnimationSet c -> c